<?xml version="1.0" encoding="UTF-8"?>
<!-- Generated by org.testng.reporters.JUnitXMLReporter -->
<testsuite hostname="LAPTOP-UJPDH0NO" ignored="0" name="RegressionTest" tests="7" failures="0" timestamp="2020-01-02T12:03:17 EST" time="112.374" errors="0">
  <testcase name="View" time="2.09" classname="com.testCases.TC_002"/>
  <testcase name="View" time="1.598" classname="com.testCases.TC_003"/>
  <testcase name="View" time="0.582" classname="com.testCases.TC_001"/>
  <testcase name="Shop" time="2.553" classname="com.testCases.TC_006"/>
  <testcase name="Shop" time="11.194" classname="com.testCases.TC_007"/>
  <testcase name="ViewHistory" time="1.612" classname="com.testCases.TC_004"/>
  <testcase name="View" time="8.444" classname="com.testCases.TC_005"/>
</testsuite> <!-- RegressionTest -->
