<?xml version="1.0" encoding="UTF-8"?>
<!-- Generated by org.testng.reporters.JUnitXMLReporter -->
<testsuite hostname="LAPTOP-UJPDH0NO" ignored="0" name="Test" tests="7" failures="0" timestamp="2020-01-02T14:57:27 EST" time="98.6" errors="0">
  <testcase name="View" time="1.325" classname="com.testCases.TC_002"/>
  <testcase name="View" time="1.023" classname="com.testCases.TC_003"/>
  <testcase name="View" time="0.586" classname="com.testCases.TC_001"/>
  <testcase name="Shop" time="2.959" classname="com.testCases.TC_006"/>
  <testcase name="Shop" time="9.144" classname="com.testCases.TC_007"/>
  <testcase name="ViewHistory" time="1.519" classname="com.testCases.TC_004"/>
  <testcase name="View" time="3.574" classname="com.testCases.TC_005"/>
</testsuite> <!-- Test -->
