<?xml version="1.0" encoding="UTF-8"?>
<testng-results skipped="0" failed="0" ignored="0" total="7" passed="7">
  <reporter-output>
  </reporter-output>
  <suite name="Suite" duration-ms="98600" started-at="2020-01-02T14:55:48 EST" finished-at="2020-01-02T14:57:27 EST">
    <groups>
    </groups>
    <test name="Test" duration-ms="98600" started-at="2020-01-02T14:55:48 EST" finished-at="2020-01-02T14:57:27 EST">
      <class name="com.testCases.TC_005">
        <test-method status="PASS" signature="setup()[pri:0, instance:com.testCases.TC_005@56aac163]" name="setup" is-config="true" duration-ms="6050" started-at="2020-01-02T14:57:13 EST" finished-at="2020-01-02T14:57:19 EST">
          <reporter-output>
          </reporter-output>
        </test-method> <!-- setup -->
        <test-method status="PASS" signature="View()[pri:0, instance:com.testCases.TC_005@56aac163]" name="View" duration-ms="3574" started-at="2020-01-02T14:57:19 EST" finished-at="2020-01-02T14:57:23 EST">
          <reporter-output>
          </reporter-output>
        </test-method> <!-- View -->
        <test-method status="PASS" signature="teardown()[pri:0, instance:com.testCases.TC_005@56aac163]" name="teardown" is-config="true" duration-ms="3807" started-at="2020-01-02T14:57:23 EST" finished-at="2020-01-02T14:57:27 EST">
          <reporter-output>
          </reporter-output>
        </test-method> <!-- teardown -->
      </class> <!-- com.testCases.TC_005 -->
      <class name="com.testCases.TC_004">
        <test-method status="PASS" signature="setup()[pri:0, instance:com.testCases.TC_004@184f6be2]" name="setup" is-config="true" duration-ms="6328" started-at="2020-01-02T14:56:59 EST" finished-at="2020-01-02T14:57:06 EST">
          <reporter-output>
          </reporter-output>
        </test-method> <!-- setup -->
        <test-method status="PASS" signature="ViewHistory()[pri:0, instance:com.testCases.TC_004@184f6be2]" name="ViewHistory" duration-ms="1519" started-at="2020-01-02T14:57:06 EST" finished-at="2020-01-02T14:57:07 EST">
          <reporter-output>
          </reporter-output>
        </test-method> <!-- ViewHistory -->
        <test-method status="PASS" signature="teardown()[pri:0, instance:com.testCases.TC_004@184f6be2]" name="teardown" is-config="true" duration-ms="5951" started-at="2020-01-02T14:57:07 EST" finished-at="2020-01-02T14:57:13 EST">
          <reporter-output>
          </reporter-output>
        </test-method> <!-- teardown -->
      </class> <!-- com.testCases.TC_004 -->
      <class name="com.testCases.TC_003">
        <test-method status="PASS" signature="setup()[pri:0, instance:com.testCases.TC_003@64729b1e]" name="setup" is-config="true" duration-ms="6267" started-at="2020-01-02T14:56:00 EST" finished-at="2020-01-02T14:56:06 EST">
          <reporter-output>
          </reporter-output>
        </test-method> <!-- setup -->
        <test-method status="PASS" signature="View()[pri:0, instance:com.testCases.TC_003@64729b1e]" name="View" duration-ms="1023" started-at="2020-01-02T14:56:06 EST" finished-at="2020-01-02T14:56:08 EST">
          <reporter-output>
          </reporter-output>
        </test-method> <!-- View -->
        <test-method status="PASS" signature="teardown()[pri:0, instance:com.testCases.TC_003@64729b1e]" name="teardown" is-config="true" duration-ms="4154" started-at="2020-01-02T14:56:08 EST" finished-at="2020-01-02T14:56:12 EST">
          <reporter-output>
          </reporter-output>
        </test-method> <!-- teardown -->
      </class> <!-- com.testCases.TC_003 -->
      <class name="com.testCases.TC_002">
        <test-method status="PASS" signature="setup()[pri:0, instance:com.testCases.TC_002@4e7dc304]" name="setup" is-config="true" duration-ms="6477" started-at="2020-01-02T14:55:48 EST" finished-at="2020-01-02T14:55:55 EST">
          <reporter-output>
          </reporter-output>
        </test-method> <!-- setup -->
        <test-method status="PASS" signature="View()[pri:0, instance:com.testCases.TC_002@4e7dc304]" name="View" duration-ms="1325" started-at="2020-01-02T14:55:55 EST" finished-at="2020-01-02T14:55:56 EST">
          <reporter-output>
          </reporter-output>
        </test-method> <!-- View -->
        <test-method status="PASS" signature="teardown()[pri:0, instance:com.testCases.TC_002@4e7dc304]" name="teardown" is-config="true" duration-ms="4341" started-at="2020-01-02T14:55:56 EST" finished-at="2020-01-02T14:56:00 EST">
          <reporter-output>
          </reporter-output>
        </test-method> <!-- teardown -->
      </class> <!-- com.testCases.TC_002 -->
      <class name="com.testCases.TC_001">
        <test-method status="PASS" signature="setup()[pri:0, instance:com.testCases.TC_001@10bbd20a]" name="setup" is-config="true" duration-ms="5961" started-at="2020-01-02T14:56:12 EST" finished-at="2020-01-02T14:56:18 EST">
          <reporter-output>
          </reporter-output>
        </test-method> <!-- setup -->
        <test-method status="PASS" signature="View()[pri:0, instance:com.testCases.TC_001@10bbd20a]" name="View" duration-ms="586" started-at="2020-01-02T14:56:18 EST" finished-at="2020-01-02T14:56:18 EST">
          <reporter-output>
          </reporter-output>
        </test-method> <!-- View -->
        <test-method status="PASS" signature="teardown()[pri:0, instance:com.testCases.TC_001@10bbd20a]" name="teardown" is-config="true" duration-ms="4315" started-at="2020-01-02T14:56:18 EST" finished-at="2020-01-02T14:56:23 EST">
          <reporter-output>
          </reporter-output>
        </test-method> <!-- teardown -->
      </class> <!-- com.testCases.TC_001 -->
      <class name="com.testCases.TC_007">
        <test-method status="PASS" signature="setup()[pri:0, instance:com.testCases.TC_007@6895a785]" name="setup" is-config="true" duration-ms="6177" started-at="2020-01-02T14:56:38 EST" finished-at="2020-01-02T14:56:44 EST">
          <reporter-output>
          </reporter-output>
        </test-method> <!-- setup -->
        <test-method status="PASS" signature="Shop()[pri:0, instance:com.testCases.TC_007@6895a785]" name="Shop" duration-ms="9144" started-at="2020-01-02T14:56:44 EST" finished-at="2020-01-02T14:56:53 EST">
          <reporter-output>
          </reporter-output>
        </test-method> <!-- Shop -->
        <test-method status="PASS" signature="teardown()[pri:0, instance:com.testCases.TC_007@6895a785]" name="teardown" is-config="true" duration-ms="6432" started-at="2020-01-02T14:56:53 EST" finished-at="2020-01-02T14:56:59 EST">
          <reporter-output>
          </reporter-output>
        </test-method> <!-- teardown -->
      </class> <!-- com.testCases.TC_007 -->
      <class name="com.testCases.TC_006">
        <test-method status="PASS" signature="setup()[pri:0, instance:com.testCases.TC_006@48503868]" name="setup" is-config="true" duration-ms="5695" started-at="2020-01-02T14:56:23 EST" finished-at="2020-01-02T14:56:28 EST">
          <reporter-output>
          </reporter-output>
        </test-method> <!-- setup -->
        <test-method status="PASS" signature="Shop()[pri:0, instance:com.testCases.TC_006@48503868]" name="Shop" duration-ms="2959" started-at="2020-01-02T14:56:28 EST" finished-at="2020-01-02T14:56:31 EST">
          <reporter-output>
          </reporter-output>
        </test-method> <!-- Shop -->
        <test-method status="PASS" signature="teardown()[pri:0, instance:com.testCases.TC_006@48503868]" name="teardown" is-config="true" duration-ms="6499" started-at="2020-01-02T14:56:31 EST" finished-at="2020-01-02T14:56:38 EST">
          <reporter-output>
          </reporter-output>
        </test-method> <!-- teardown -->
      </class> <!-- com.testCases.TC_006 -->
    </test> <!-- Test -->
  </suite> <!-- Suite -->
</testng-results>
