<?xml version="1.0" encoding="UTF-8"?>
<testng-results skipped="0" failed="0" ignored="0" total="1" passed="1">
  <reporter-output>
  </reporter-output>
  <suite name="Default suite" duration-ms="18270" started-at="2020-01-02T16:58:52 EST" finished-at="2020-01-02T16:59:10 EST">
    <groups>
    </groups>
    <test name="Default test" duration-ms="18270" started-at="2020-01-02T16:58:52 EST" finished-at="2020-01-02T16:59:10 EST">
      <class name="com.testCases.TC_001">
        <test-method status="PASS" signature="setup()[pri:0, instance:com.testCases.TC_001@71bbf57e]" name="setup" is-config="true" duration-ms="16044" started-at="2020-01-02T16:58:52 EST" finished-at="2020-01-02T16:59:08 EST">
          <reporter-output>
          </reporter-output>
        </test-method> <!-- setup -->
        <test-method status="PASS" signature="View()[pri:0, instance:com.testCases.TC_001@71bbf57e]" name="View" duration-ms="918" started-at="2020-01-02T16:59:08 EST" finished-at="2020-01-02T16:59:09 EST">
          <reporter-output>
          </reporter-output>
        </test-method> <!-- View -->
        <test-method status="PASS" signature="teardown()[pri:0, instance:com.testCases.TC_001@71bbf57e]" name="teardown" is-config="true" duration-ms="1261" started-at="2020-01-02T16:59:09 EST" finished-at="2020-01-02T16:59:10 EST">
          <reporter-output>
          </reporter-output>
        </test-method> <!-- teardown -->
      </class> <!-- com.testCases.TC_001 -->
    </test> <!-- Default test -->
  </suite> <!-- Default suite -->
</testng-results>
